Analysis & Synthesis report for parking
Fri Jun 28 19:44:51 2024
Quartus II 64-Bit Version 13.1.0 Build 162 10/23/2013 SJ Web Edition


---------------------
; Table of Contents ;
---------------------
  1. Legal Notice
  2. Analysis & Synthesis Summary
  3. Analysis & Synthesis Settings
  4. Parallel Compilation
  5. Analysis & Synthesis Source Files Read
  6. Analysis & Synthesis Resource Usage Summary
  7. Analysis & Synthesis Resource Utilization by Entity
  8. User-Specified and Inferred Latches
  9. General Register Statistics
 10. Multiplexer Restructuring Statistics (Restructuring Performed)
 11. Parameter Settings for Inferred Entity Instance: lpm_divide:Mod0
 12. Elapsed Time Per Partition
 13. Analysis & Synthesis Messages



----------------
; Legal Notice ;
----------------
Copyright (C) 1991-2013 Altera Corporation
Your use of Altera Corporation's design tools, logic functions 
and other software and tools, and its AMPP partner logic 
functions, and any output files from any of the foregoing 
(including device programming or simulation files), and any 
associated documentation or information are expressly subject 
to the terms and conditions of the Altera Program License 
Subscription Agreement, Altera MegaCore Function License 
Agreement, or other applicable license agreement, including, 
without limitation, that your use is for the sole purpose of 
programming logic devices manufactured by Altera and sold by 
Altera or its authorized distributors.  Please refer to the 
applicable agreement for further details.



+---------------------------------------------------------------------------------+
; Analysis & Synthesis Summary                                                    ;
+------------------------------------+--------------------------------------------+
; Analysis & Synthesis Status        ; Successful - Fri Jun 28 19:44:51 2024      ;
; Quartus II 64-Bit Version          ; 13.1.0 Build 162 10/23/2013 SJ Web Edition ;
; Revision Name                      ; parking                                    ;
; Top-level Entity Name              ; parking                                    ;
; Family                             ; Cyclone IV GX                              ;
; Total logic elements               ; 1,299                                      ;
;     Total combinational functions  ; 1,299                                      ;
;     Dedicated logic registers      ; 0                                          ;
; Total registers                    ; 0                                          ;
; Total pins                         ; 167                                        ;
; Total virtual pins                 ; 0                                          ;
; Total memory bits                  ; 0                                          ;
; Embedded Multiplier 9-bit elements ; 0                                          ;
; Total GXB Receiver Channel PCS     ; 0                                          ;
; Total GXB Receiver Channel PMA     ; 0                                          ;
; Total GXB Transmitter Channel PCS  ; 0                                          ;
; Total GXB Transmitter Channel PMA  ; 0                                          ;
; Total PLLs                         ; 0                                          ;
+------------------------------------+--------------------------------------------+


+----------------------------------------------------------------------------------------------------------------------+
; Analysis & Synthesis Settings                                                                                        ;
+----------------------------------------------------------------------------+--------------------+--------------------+
; Option                                                                     ; Setting            ; Default Value      ;
+----------------------------------------------------------------------------+--------------------+--------------------+
; Top-level entity name                                                      ; parking            ; parking            ;
; Family name                                                                ; Cyclone IV GX      ; Cyclone IV GX      ;
; Use smart compilation                                                      ; Off                ; Off                ;
; Enable parallel Assembler and TimeQuest Timing Analyzer during compilation ; On                 ; On                 ;
; Enable compact report table                                                ; Off                ; Off                ;
; Restructure Multiplexers                                                   ; Auto               ; Auto               ;
; Create Debugging Nodes for IP Cores                                        ; Off                ; Off                ;
; Preserve fewer node names                                                  ; On                 ; On                 ;
; Disable OpenCore Plus hardware evaluation                                  ; Off                ; Off                ;
; Verilog Version                                                            ; Verilog_2001       ; Verilog_2001       ;
; VHDL Version                                                               ; VHDL_1993          ; VHDL_1993          ;
; State Machine Processing                                                   ; Auto               ; Auto               ;
; Safe State Machine                                                         ; Off                ; Off                ;
; Extract Verilog State Machines                                             ; On                 ; On                 ;
; Extract VHDL State Machines                                                ; On                 ; On                 ;
; Ignore Verilog initial constructs                                          ; Off                ; Off                ;
; Iteration limit for constant Verilog loops                                 ; 5000               ; 5000               ;
; Iteration limit for non-constant Verilog loops                             ; 250                ; 250                ;
; Add Pass-Through Logic to Inferred RAMs                                    ; On                 ; On                 ;
; Infer RAMs from Raw Logic                                                  ; On                 ; On                 ;
; Parallel Synthesis                                                         ; On                 ; On                 ;
; DSP Block Balancing                                                        ; Auto               ; Auto               ;
; NOT Gate Push-Back                                                         ; On                 ; On                 ;
; Power-Up Don't Care                                                        ; On                 ; On                 ;
; Remove Redundant Logic Cells                                               ; Off                ; Off                ;
; Remove Duplicate Registers                                                 ; On                 ; On                 ;
; Ignore CARRY Buffers                                                       ; Off                ; Off                ;
; Ignore CASCADE Buffers                                                     ; Off                ; Off                ;
; Ignore GLOBAL Buffers                                                      ; Off                ; Off                ;
; Ignore ROW GLOBAL Buffers                                                  ; Off                ; Off                ;
; Ignore LCELL Buffers                                                       ; Off                ; Off                ;
; Ignore SOFT Buffers                                                        ; On                 ; On                 ;
; Limit AHDL Integers to 32 Bits                                             ; Off                ; Off                ;
; Optimization Technique                                                     ; Balanced           ; Balanced           ;
; Carry Chain Length                                                         ; 70                 ; 70                 ;
; Auto Carry Chains                                                          ; On                 ; On                 ;
; Auto Open-Drain Pins                                                       ; On                 ; On                 ;
; Perform WYSIWYG Primitive Resynthesis                                      ; Off                ; Off                ;
; Auto ROM Replacement                                                       ; On                 ; On                 ;
; Auto RAM Replacement                                                       ; On                 ; On                 ;
; Auto DSP Block Replacement                                                 ; On                 ; On                 ;
; Auto Shift Register Replacement                                            ; Auto               ; Auto               ;
; Allow Shift Register Merging across Hierarchies                            ; Auto               ; Auto               ;
; Auto Clock Enable Replacement                                              ; On                 ; On                 ;
; Strict RAM Replacement                                                     ; Off                ; Off                ;
; Allow Synchronous Control Signals                                          ; On                 ; On                 ;
; Force Use of Synchronous Clear Signals                                     ; Off                ; Off                ;
; Auto RAM Block Balancing                                                   ; On                 ; On                 ;
; Auto RAM to Logic Cell Conversion                                          ; Off                ; Off                ;
; Auto Resource Sharing                                                      ; Off                ; Off                ;
; Allow Any RAM Size For Recognition                                         ; Off                ; Off                ;
; Allow Any ROM Size For Recognition                                         ; Off                ; Off                ;
; Allow Any Shift Register Size For Recognition                              ; Off                ; Off                ;
; Use LogicLock Constraints during Resource Balancing                        ; On                 ; On                 ;
; Ignore translate_off and synthesis_off directives                          ; Off                ; Off                ;
; Timing-Driven Synthesis                                                    ; On                 ; On                 ;
; Report Parameter Settings                                                  ; On                 ; On                 ;
; Report Source Assignments                                                  ; On                 ; On                 ;
; Report Connectivity Checks                                                 ; On                 ; On                 ;
; Ignore Maximum Fan-Out Assignments                                         ; Off                ; Off                ;
; Synchronization Register Chain Length                                      ; 2                  ; 2                  ;
; PowerPlay Power Optimization                                               ; Normal compilation ; Normal compilation ;
; HDL message level                                                          ; Level2             ; Level2             ;
; Suppress Register Optimization Related Messages                            ; Off                ; Off                ;
; Number of Removed Registers Reported in Synthesis Report                   ; 5000               ; 5000               ;
; Number of Swept Nodes Reported in Synthesis Report                         ; 5000               ; 5000               ;
; Number of Inverted Registers Reported in Synthesis Report                  ; 100                ; 100                ;
; Clock MUX Protection                                                       ; On                 ; On                 ;
; Auto Gated Clock Conversion                                                ; Off                ; Off                ;
; Block Design Naming                                                        ; Auto               ; Auto               ;
; SDC constraint protection                                                  ; Off                ; Off                ;
; Synthesis Effort                                                           ; Auto               ; Auto               ;
; Shift Register Replacement - Allow Asynchronous Clear Signal               ; On                 ; On                 ;
; Pre-Mapping Resynthesis Optimization                                       ; Off                ; Off                ;
; Analysis & Synthesis Message Level                                         ; Medium             ; Medium             ;
; Disable Register Merging Across Hierarchies                                ; Auto               ; Auto               ;
; Resource Aware Inference For Block RAM                                     ; On                 ; On                 ;
; Synthesis Seed                                                             ; 1                  ; 1                  ;
+----------------------------------------------------------------------------+--------------------+--------------------+


+------------------------------------------+
; Parallel Compilation                     ;
+----------------------------+-------------+
; Processors                 ; Number      ;
+----------------------------+-------------+
; Number detected on machine ; 20          ;
; Maximum allowed            ; 14          ;
;                            ;             ;
; Average used               ; 1.00        ;
; Maximum used               ; 1           ;
;                            ;             ;
; Usage by Processor         ; % Time Used ;
;     Processor 1            ; 100.0%      ;
;     Processors 2-20        ;   0.0%      ;
+----------------------------+-------------+


+-----------------------------------------------------------------------------------------------------------------------------------------------------------------------+
; Analysis & Synthesis Source Files Read                                                                                                                                ;
+----------------------------------+-----------------+------------------------------+-------------------------------------------------------------------------+---------+
; File Name with User-Entered Path ; Used in Netlist ; File Type                    ; File Name with Absolute Path                                            ; Library ;
+----------------------------------+-----------------+------------------------------+-------------------------------------------------------------------------+---------+
; parking.v                        ; yes             ; User Verilog HDL File        ; C:/Users/Ali Ghasemzadeh/Desktop/fpgaproject/parking.v                  ;         ;
; lpm_divide.tdf                   ; yes             ; Megafunction                 ; c:/altera/13.1/quartus/libraries/megafunctions/lpm_divide.tdf           ;         ;
; abs_divider.inc                  ; yes             ; Megafunction                 ; c:/altera/13.1/quartus/libraries/megafunctions/abs_divider.inc          ;         ;
; sign_div_unsign.inc              ; yes             ; Megafunction                 ; c:/altera/13.1/quartus/libraries/megafunctions/sign_div_unsign.inc      ;         ;
; aglobal131.inc                   ; yes             ; Megafunction                 ; c:/altera/13.1/quartus/libraries/megafunctions/aglobal131.inc           ;         ;
; db/lpm_divide_vem.tdf            ; yes             ; Auto-Generated Megafunction  ; C:/Users/Ali Ghasemzadeh/Desktop/fpgaproject/db/lpm_divide_vem.tdf      ;         ;
; db/sign_div_unsign_qlh.tdf       ; yes             ; Auto-Generated Megafunction  ; C:/Users/Ali Ghasemzadeh/Desktop/fpgaproject/db/sign_div_unsign_qlh.tdf ;         ;
; db/alt_u_div_2bf.tdf             ; yes             ; Auto-Generated Megafunction  ; C:/Users/Ali Ghasemzadeh/Desktop/fpgaproject/db/alt_u_div_2bf.tdf       ;         ;
; db/add_sub_1tc.tdf               ; yes             ; Auto-Generated Megafunction  ; C:/Users/Ali Ghasemzadeh/Desktop/fpgaproject/db/add_sub_1tc.tdf         ;         ;
; db/add_sub_2tc.tdf               ; yes             ; Auto-Generated Megafunction  ; C:/Users/Ali Ghasemzadeh/Desktop/fpgaproject/db/add_sub_2tc.tdf         ;         ;
+----------------------------------+-----------------+------------------------------+-------------------------------------------------------------------------+---------+


+-------------------------------------------------+
; Analysis & Synthesis Resource Usage Summary     ;
+--------------------------+----------------------+
; Resource                 ; Usage                ;
+--------------------------+----------------------+
; I/O pins                 ; 167                  ;
; DSP block 9-bit elements ; 0                    ;
; Maximum fan-out node     ; free_car_space[1]~12 ;
; Maximum fan-out          ; 62                   ;
; Total fan-out            ; 3893                 ;
; Average fan-out          ; 2.38                 ;
+--------------------------+----------------------+


+------------------------------------------------------------------------------------------------------------------------------------------------------------------------------------------------------------------------------------------------------------------------------------------+
; Analysis & Synthesis Resource Utilization by Entity                                                                                                                                                                                                                                      ;
+----------------------------------------+-------------------+--------------+-------------+--------------+---------+-----------+-----------+------+--------------+----------------------------------------------------------------------------------------------------------+--------------+
; Compilation Hierarchy Node             ; LC Combinationals ; LC Registers ; Memory Bits ; DSP Elements ; DSP 9x9 ; DSP 18x18 ; DSP 36x36 ; Pins ; Virtual Pins ; Full Hierarchy Name                                                                                      ; Library Name ;
+----------------------------------------+-------------------+--------------+-------------+--------------+---------+-----------+-----------+------+--------------+----------------------------------------------------------------------------------------------------------+--------------+
; |parking                               ; 1299 (800)        ; 0 (0)        ; 0           ; 0            ; 0       ; 0         ; 0         ; 167  ; 0            ; |parking                                                                                                 ; work         ;
;    |lpm_divide:Mod0|                   ; 499 (0)           ; 0 (0)        ; 0           ; 0            ; 0       ; 0         ; 0         ; 0    ; 0            ; |parking|lpm_divide:Mod0                                                                                 ; work         ;
;       |lpm_divide_vem:auto_generated|  ; 499 (0)           ; 0 (0)        ; 0           ; 0            ; 0       ; 0         ; 0         ; 0    ; 0            ; |parking|lpm_divide:Mod0|lpm_divide_vem:auto_generated                                                   ; work         ;
;          |sign_div_unsign_qlh:divider| ; 499 (0)           ; 0 (0)        ; 0           ; 0            ; 0       ; 0         ; 0         ; 0    ; 0            ; |parking|lpm_divide:Mod0|lpm_divide_vem:auto_generated|sign_div_unsign_qlh:divider                       ; work         ;
;             |alt_u_div_2bf:divider|    ; 499 (499)         ; 0 (0)        ; 0           ; 0            ; 0       ; 0         ; 0         ; 0    ; 0            ; |parking|lpm_divide:Mod0|lpm_divide_vem:auto_generated|sign_div_unsign_qlh:divider|alt_u_div_2bf:divider ; work         ;
+----------------------------------------+-------------------+--------------+-------------+--------------+---------+-----------+-----------+------+--------------+----------------------------------------------------------------------------------------------------------+--------------+
Note: For table entries with two numbers listed, the numbers in parentheses indicate the number of resources of the given type used by the specific entity alone. The numbers listed outside of parentheses indicate the total resources of the given type used by the specific entity and all of its sub-entities in the hierarchy.


+-----------------------------------------------------------------------------------------------------+
; User-Specified and Inferred Latches                                                                 ;
+------------------------------------------------------+---------------------+------------------------+
; Latch Name                                           ; Latch Enable Signal ; Free of Timing Hazards ;
+------------------------------------------------------+---------------------+------------------------+
; uni_parked_car[0]$latch                              ; uni_parked_car[31]  ; yes                    ;
; uni_parked_car[1]$latch                              ; uni_parked_car[31]  ; yes                    ;
; uni_parked_car[2]$latch                              ; uni_parked_car[31]  ; yes                    ;
; uni_parked_car[3]$latch                              ; uni_parked_car[31]  ; yes                    ;
; uni_parked_car[4]$latch                              ; uni_parked_car[31]  ; yes                    ;
; uni_parked_car[5]$latch                              ; uni_parked_car[31]  ; yes                    ;
; uni_parked_car[6]$latch                              ; uni_parked_car[31]  ; yes                    ;
; uni_parked_car[7]$latch                              ; uni_parked_car[31]  ; yes                    ;
; uni_parked_car[8]$latch                              ; uni_parked_car[31]  ; yes                    ;
; uni_parked_car[9]$latch                              ; uni_parked_car[31]  ; yes                    ;
; uni_parked_car[10]$latch                             ; uni_parked_car[31]  ; yes                    ;
; uni_parked_car[11]$latch                             ; uni_parked_car[31]  ; yes                    ;
; uni_parked_car[12]$latch                             ; uni_parked_car[31]  ; yes                    ;
; uni_parked_car[13]$latch                             ; uni_parked_car[31]  ; yes                    ;
; uni_parked_car[14]$latch                             ; uni_parked_car[31]  ; yes                    ;
; uni_parked_car[15]$latch                             ; uni_parked_car[31]  ; yes                    ;
; uni_parked_car[16]$latch                             ; uni_parked_car[31]  ; yes                    ;
; uni_parked_car[17]$latch                             ; uni_parked_car[31]  ; yes                    ;
; uni_parked_car[18]$latch                             ; uni_parked_car[31]  ; yes                    ;
; uni_parked_car[19]$latch                             ; uni_parked_car[31]  ; yes                    ;
; uni_parked_car[20]$latch                             ; uni_parked_car[31]  ; yes                    ;
; uni_parked_car[21]$latch                             ; uni_parked_car[31]  ; yes                    ;
; uni_parked_car[22]$latch                             ; uni_parked_car[31]  ; yes                    ;
; uni_parked_car[23]$latch                             ; uni_parked_car[31]  ; yes                    ;
; uni_parked_car[24]$latch                             ; uni_parked_car[31]  ; yes                    ;
; uni_parked_car[25]$latch                             ; uni_parked_car[31]  ; yes                    ;
; uni_parked_car[26]$latch                             ; uni_parked_car[31]  ; yes                    ;
; uni_parked_car[27]$latch                             ; uni_parked_car[31]  ; yes                    ;
; uni_parked_car[28]$latch                             ; uni_parked_car[31]  ; yes                    ;
; uni_parked_car[29]$latch                             ; uni_parked_car[31]  ; yes                    ;
; uni_parked_car[30]$latch                             ; uni_parked_car[31]  ; yes                    ;
; uni_parked_car[31]$latch                             ; uni_parked_car[31]  ; yes                    ;
; parked_car[0]$latch                                  ; parked_car[31]      ; yes                    ;
; parked_car[1]$latch                                  ; parked_car[31]      ; yes                    ;
; parked_car[2]$latch                                  ; parked_car[31]      ; yes                    ;
; parked_car[3]$latch                                  ; parked_car[31]      ; yes                    ;
; parked_car[4]$latch                                  ; parked_car[31]      ; yes                    ;
; parked_car[5]$latch                                  ; parked_car[31]      ; yes                    ;
; parked_car[6]$latch                                  ; parked_car[31]      ; yes                    ;
; parked_car[7]$latch                                  ; parked_car[31]      ; yes                    ;
; parked_car[8]$latch                                  ; parked_car[31]      ; yes                    ;
; parked_car[9]$latch                                  ; parked_car[31]      ; yes                    ;
; parked_car[10]$latch                                 ; parked_car[31]      ; yes                    ;
; parked_car[11]$latch                                 ; parked_car[31]      ; yes                    ;
; parked_car[12]$latch                                 ; parked_car[31]      ; yes                    ;
; parked_car[13]$latch                                 ; parked_car[31]      ; yes                    ;
; parked_car[14]$latch                                 ; parked_car[31]      ; yes                    ;
; parked_car[15]$latch                                 ; parked_car[31]      ; yes                    ;
; parked_car[16]$latch                                 ; parked_car[31]      ; yes                    ;
; parked_car[17]$latch                                 ; parked_car[31]      ; yes                    ;
; parked_car[18]$latch                                 ; parked_car[31]      ; yes                    ;
; parked_car[19]$latch                                 ; parked_car[31]      ; yes                    ;
; parked_car[20]$latch                                 ; parked_car[31]      ; yes                    ;
; parked_car[21]$latch                                 ; parked_car[31]      ; yes                    ;
; parked_car[22]$latch                                 ; parked_car[31]      ; yes                    ;
; parked_car[23]$latch                                 ; parked_car[31]      ; yes                    ;
; parked_car[24]$latch                                 ; parked_car[31]      ; yes                    ;
; parked_car[25]$latch                                 ; parked_car[31]      ; yes                    ;
; parked_car[26]$latch                                 ; parked_car[31]      ; yes                    ;
; parked_car[27]$latch                                 ; parked_car[31]      ; yes                    ;
; parked_car[28]$latch                                 ; parked_car[31]      ; yes                    ;
; parked_car[29]$latch                                 ; parked_car[31]      ; yes                    ;
; parked_car[30]$latch                                 ; parked_car[31]      ; yes                    ;
; parked_car[31]$latch                                 ; parked_car[31]      ; yes                    ;
; uni_car_space[1]                                     ; free_car_space[1]   ; yes                    ;
; uni_car_space[2]                                     ; free_car_space[1]   ; yes                    ;
; uni_car_space[3]                                     ; free_car_space[1]   ; yes                    ;
; uni_car_space[4]                                     ; free_car_space[1]   ; yes                    ;
; uni_car_space[5]                                     ; free_car_space[1]   ; yes                    ;
; uni_car_space[6]                                     ; free_car_space[1]   ; yes                    ;
; uni_car_space[7]                                     ; free_car_space[1]   ; yes                    ;
; uni_car_space[8]                                     ; free_car_space[1]   ; yes                    ;
; uni_car_space[9]                                     ; free_car_space[1]   ; yes                    ;
; uni_car_space[10]                                    ; free_car_space[1]   ; yes                    ;
; uni_car_space[11]                                    ; free_car_space[1]   ; yes                    ;
; uni_car_space[12]                                    ; free_car_space[1]   ; yes                    ;
; uni_car_space[13]                                    ; free_car_space[1]   ; yes                    ;
; uni_car_space[14]                                    ; free_car_space[1]   ; yes                    ;
; uni_car_space[15]                                    ; free_car_space[1]   ; yes                    ;
; uni_car_space[16]                                    ; free_car_space[1]   ; yes                    ;
; uni_car_space[17]                                    ; free_car_space[1]   ; yes                    ;
; uni_car_space[18]                                    ; free_car_space[1]   ; yes                    ;
; uni_car_space[19]                                    ; free_car_space[1]   ; yes                    ;
; uni_car_space[20]                                    ; free_car_space[1]   ; yes                    ;
; uni_car_space[21]                                    ; free_car_space[1]   ; yes                    ;
; uni_car_space[22]                                    ; free_car_space[1]   ; yes                    ;
; uni_car_space[23]                                    ; free_car_space[1]   ; yes                    ;
; uni_car_space[24]                                    ; free_car_space[1]   ; yes                    ;
; uni_car_space[25]                                    ; free_car_space[1]   ; yes                    ;
; uni_car_space[26]                                    ; free_car_space[1]   ; yes                    ;
; uni_car_space[27]                                    ; free_car_space[1]   ; yes                    ;
; uni_car_space[28]                                    ; free_car_space[1]   ; yes                    ;
; uni_car_space[29]                                    ; free_car_space[1]   ; yes                    ;
; uni_car_space[30]                                    ; free_car_space[1]   ; yes                    ;
; uni_car_space[31]                                    ; free_car_space[1]   ; yes                    ;
; free_car_space[1]                                    ; free_car_space[1]   ; yes                    ;
; free_car_space[2]                                    ; free_car_space[1]   ; yes                    ;
; free_car_space[3]                                    ; free_car_space[1]   ; yes                    ;
; free_car_space[4]                                    ; free_car_space[1]   ; yes                    ;
; free_car_space[5]                                    ; free_car_space[1]   ; yes                    ;
; Number of user-specified and inferred latches = 126  ;                     ;                        ;
+------------------------------------------------------+---------------------+------------------------+
Table restricted to first 100 entries. Note: All latches listed above may not be present at the end of synthesis due to various synthesis optimizations.


+------------------------------------------------------+
; General Register Statistics                          ;
+----------------------------------------------+-------+
; Statistic                                    ; Value ;
+----------------------------------------------+-------+
; Total registers                              ; 0     ;
; Number of registers using Synchronous Clear  ; 0     ;
; Number of registers using Synchronous Load   ; 0     ;
; Number of registers using Asynchronous Clear ; 0     ;
; Number of registers using Asynchronous Load  ; 0     ;
; Number of registers using Clock Enable       ; 0     ;
; Number of registers using Preset             ; 0     ;
+----------------------------------------------+-------+


+------------------------------------------------------------------------------------------------------------------------------------------+
; Multiplexer Restructuring Statistics (Restructuring Performed)                                                                           ;
+--------------------+-----------+---------------+----------------------+------------------------+------------+----------------------------+
; Multiplexer Inputs ; Bus Width ; Baseline Area ; Area if Restructured ; Saving if Restructured ; Registered ; Example Multiplexer Output ;
+--------------------+-----------+---------------+----------------------+------------------------+------------+----------------------------+
; 4:1                ; 62 bits   ; 124 LEs       ; 124 LEs              ; 0 LEs                  ; No         ; |parking|uni_car_space[23] ;
; 7:1                ; 31 bits   ; 124 LEs       ; 62 LEs               ; 62 LEs                 ; No         ; |parking|uni_parked_car[2] ;
; 8:1                ; 31 bits   ; 155 LEs       ; 62 LEs               ; 93 LEs                 ; No         ; |parking|parked_car[29]    ;
+--------------------+-----------+---------------+----------------------+------------------------+------------+----------------------------+


+------------------------------------------------------------------+
; Parameter Settings for Inferred Entity Instance: lpm_divide:Mod0 ;
+------------------------+----------------+------------------------+
; Parameter Name         ; Value          ; Type                   ;
+------------------------+----------------+------------------------+
; LPM_WIDTHN             ; 32             ; Untyped                ;
; LPM_WIDTHD             ; 6              ; Untyped                ;
; LPM_NREPRESENTATION    ; UNSIGNED       ; Untyped                ;
; LPM_DREPRESENTATION    ; UNSIGNED       ; Untyped                ;
; LPM_PIPELINE           ; 0              ; Untyped                ;
; LPM_REMAINDERPOSITIVE  ; TRUE           ; Untyped                ;
; MAXIMIZE_SPEED         ; 5              ; Untyped                ;
; CBXI_PARAMETER         ; lpm_divide_vem ; Untyped                ;
; CARRY_CHAIN            ; MANUAL         ; Untyped                ;
; OPTIMIZE_FOR_SPEED     ; 5              ; Untyped                ;
; AUTO_CARRY_CHAINS      ; ON             ; AUTO_CARRY             ;
; IGNORE_CARRY_BUFFERS   ; OFF            ; IGNORE_CARRY           ;
; AUTO_CASCADE_CHAINS    ; ON             ; AUTO_CASCADE           ;
; IGNORE_CASCADE_BUFFERS ; OFF            ; IGNORE_CASCADE         ;
+------------------------+----------------+------------------------+
Note: In order to hide this table in the UI and the text report file, please set the "Show Parameter Settings in Synthesis Report" option in "Analysis and Synthesis Settings -> More Settings" to "Off".


+-------------------------------+
; Elapsed Time Per Partition    ;
+----------------+--------------+
; Partition Name ; Elapsed Time ;
+----------------+--------------+
; Top            ; 00:00:08     ;
+----------------+--------------+


+-------------------------------+
; Analysis & Synthesis Messages ;
+-------------------------------+
Info: *******************************************************************
Info: Running Quartus II 64-Bit Analysis & Synthesis
    Info: Version 13.1.0 Build 162 10/23/2013 SJ Web Edition
    Info: Processing started: Fri Jun 28 19:44:39 2024
Info: Command: quartus_map --read_settings_files=on --write_settings_files=off parking -c parking
Info (11104): Parallel Compilation has detected 20 hyper-threaded processors. However, the extra hyper-threaded processors will not be used by default. Parallel Compilation will use 14 of the 14 physical processors detected instead.
Info (12021): Found 1 design units, including 1 entities, in source file parking.v
    Info (12023): Found entity 1: parking
Info (12127): Elaborating entity "parking" for the top level hierarchy
Warning (10240): Verilog HDL Always Construct warning at parking.v(14): inferring latch(es) for variable "uni_parked_car", which holds its previous value in one or more paths through the always construct
Warning (10240): Verilog HDL Always Construct warning at parking.v(14): inferring latch(es) for variable "parked_car", which holds its previous value in one or more paths through the always construct
Warning (10240): Verilog HDL Always Construct warning at parking.v(14): inferring latch(es) for variable "uni_car_space", which holds its previous value in one or more paths through the always construct
Warning (10240): Verilog HDL Always Construct warning at parking.v(14): inferring latch(es) for variable "free_car_space", which holds its previous value in one or more paths through the always construct
Info (10041): Inferred latch for "free_car_space[0]" at parking.v(14)
Info (10041): Inferred latch for "free_car_space[1]" at parking.v(14)
Info (10041): Inferred latch for "free_car_space[2]" at parking.v(14)
Info (10041): Inferred latch for "free_car_space[3]" at parking.v(14)
Info (10041): Inferred latch for "free_car_space[4]" at parking.v(14)
Info (10041): Inferred latch for "free_car_space[5]" at parking.v(14)
Info (10041): Inferred latch for "free_car_space[6]" at parking.v(14)
Info (10041): Inferred latch for "free_car_space[7]" at parking.v(14)
Info (10041): Inferred latch for "free_car_space[8]" at parking.v(14)
Info (10041): Inferred latch for "free_car_space[9]" at parking.v(14)
Info (10041): Inferred latch for "free_car_space[10]" at parking.v(14)
Info (10041): Inferred latch for "free_car_space[11]" at parking.v(14)
Info (10041): Inferred latch for "free_car_space[12]" at parking.v(14)
Info (10041): Inferred latch for "free_car_space[13]" at parking.v(14)
Info (10041): Inferred latch for "free_car_space[14]" at parking.v(14)
Info (10041): Inferred latch for "free_car_space[15]" at parking.v(14)
Info (10041): Inferred latch for "free_car_space[16]" at parking.v(14)
Info (10041): Inferred latch for "free_car_space[17]" at parking.v(14)
Info (10041): Inferred latch for "free_car_space[18]" at parking.v(14)
Info (10041): Inferred latch for "free_car_space[19]" at parking.v(14)
Info (10041): Inferred latch for "free_car_space[20]" at parking.v(14)
Info (10041): Inferred latch for "free_car_space[21]" at parking.v(14)
Info (10041): Inferred latch for "free_car_space[22]" at parking.v(14)
Info (10041): Inferred latch for "free_car_space[23]" at parking.v(14)
Info (10041): Inferred latch for "free_car_space[24]" at parking.v(14)
Info (10041): Inferred latch for "free_car_space[25]" at parking.v(14)
Info (10041): Inferred latch for "free_car_space[26]" at parking.v(14)
Info (10041): Inferred latch for "free_car_space[27]" at parking.v(14)
Info (10041): Inferred latch for "free_car_space[28]" at parking.v(14)
Info (10041): Inferred latch for "free_car_space[29]" at parking.v(14)
Info (10041): Inferred latch for "free_car_space[30]" at parking.v(14)
Info (10041): Inferred latch for "free_car_space[31]" at parking.v(14)
Info (10041): Inferred latch for "uni_car_space[0]" at parking.v(14)
Info (10041): Inferred latch for "uni_car_space[1]" at parking.v(14)
Info (10041): Inferred latch for "uni_car_space[2]" at parking.v(14)
Info (10041): Inferred latch for "uni_car_space[3]" at parking.v(14)
Info (10041): Inferred latch for "uni_car_space[4]" at parking.v(14)
Info (10041): Inferred latch for "uni_car_space[5]" at parking.v(14)
Info (10041): Inferred latch for "uni_car_space[6]" at parking.v(14)
Info (10041): Inferred latch for "uni_car_space[7]" at parking.v(14)
Info (10041): Inferred latch for "uni_car_space[8]" at parking.v(14)
Info (10041): Inferred latch for "uni_car_space[9]" at parking.v(14)
Info (10041): Inferred latch for "uni_car_space[10]" at parking.v(14)
Info (10041): Inferred latch for "uni_car_space[11]" at parking.v(14)
Info (10041): Inferred latch for "uni_car_space[12]" at parking.v(14)
Info (10041): Inferred latch for "uni_car_space[13]" at parking.v(14)
Info (10041): Inferred latch for "uni_car_space[14]" at parking.v(14)
Info (10041): Inferred latch for "uni_car_space[15]" at parking.v(14)
Info (10041): Inferred latch for "uni_car_space[16]" at parking.v(14)
Info (10041): Inferred latch for "uni_car_space[17]" at parking.v(14)
Info (10041): Inferred latch for "uni_car_space[18]" at parking.v(14)
Info (10041): Inferred latch for "uni_car_space[19]" at parking.v(14)
Info (10041): Inferred latch for "uni_car_space[20]" at parking.v(14)
Info (10041): Inferred latch for "uni_car_space[21]" at parking.v(14)
Info (10041): Inferred latch for "uni_car_space[22]" at parking.v(14)
Info (10041): Inferred latch for "uni_car_space[23]" at parking.v(14)
Info (10041): Inferred latch for "uni_car_space[24]" at parking.v(14)
Info (10041): Inferred latch for "uni_car_space[25]" at parking.v(14)
Info (10041): Inferred latch for "uni_car_space[26]" at parking.v(14)
Info (10041): Inferred latch for "uni_car_space[27]" at parking.v(14)
Info (10041): Inferred latch for "uni_car_space[28]" at parking.v(14)
Info (10041): Inferred latch for "uni_car_space[29]" at parking.v(14)
Info (10041): Inferred latch for "uni_car_space[30]" at parking.v(14)
Info (10041): Inferred latch for "uni_car_space[31]" at parking.v(14)
Info (10041): Inferred latch for "parked_car[0]" at parking.v(14)
Info (10041): Inferred latch for "parked_car[1]" at parking.v(14)
Info (10041): Inferred latch for "parked_car[2]" at parking.v(14)
Info (10041): Inferred latch for "parked_car[3]" at parking.v(14)
Info (10041): Inferred latch for "parked_car[4]" at parking.v(14)
Info (10041): Inferred latch for "parked_car[5]" at parking.v(14)
Info (10041): Inferred latch for "parked_car[6]" at parking.v(14)
Info (10041): Inferred latch for "parked_car[7]" at parking.v(14)
Info (10041): Inferred latch for "parked_car[8]" at parking.v(14)
Info (10041): Inferred latch for "parked_car[9]" at parking.v(14)
Info (10041): Inferred latch for "parked_car[10]" at parking.v(14)
Info (10041): Inferred latch for "parked_car[11]" at parking.v(14)
Info (10041): Inferred latch for "parked_car[12]" at parking.v(14)
Info (10041): Inferred latch for "parked_car[13]" at parking.v(14)
Info (10041): Inferred latch for "parked_car[14]" at parking.v(14)
Info (10041): Inferred latch for "parked_car[15]" at parking.v(14)
Info (10041): Inferred latch for "parked_car[16]" at parking.v(14)
Info (10041): Inferred latch for "parked_car[17]" at parking.v(14)
Info (10041): Inferred latch for "parked_car[18]" at parking.v(14)
Info (10041): Inferred latch for "parked_car[19]" at parking.v(14)
Info (10041): Inferred latch for "parked_car[20]" at parking.v(14)
Info (10041): Inferred latch for "parked_car[21]" at parking.v(14)
Info (10041): Inferred latch for "parked_car[22]" at parking.v(14)
Info (10041): Inferred latch for "parked_car[23]" at parking.v(14)
Info (10041): Inferred latch for "parked_car[24]" at parking.v(14)
Info (10041): Inferred latch for "parked_car[25]" at parking.v(14)
Info (10041): Inferred latch for "parked_car[26]" at parking.v(14)
Info (10041): Inferred latch for "parked_car[27]" at parking.v(14)
Info (10041): Inferred latch for "parked_car[28]" at parking.v(14)
Info (10041): Inferred latch for "parked_car[29]" at parking.v(14)
Info (10041): Inferred latch for "parked_car[30]" at parking.v(14)
Info (10041): Inferred latch for "parked_car[31]" at parking.v(14)
Info (10041): Inferred latch for "uni_parked_car[0]" at parking.v(14)
Info (10041): Inferred latch for "uni_parked_car[1]" at parking.v(14)
Info (10041): Inferred latch for "uni_parked_car[2]" at parking.v(14)
Info (10041): Inferred latch for "uni_parked_car[3]" at parking.v(14)
Info (10041): Inferred latch for "uni_parked_car[4]" at parking.v(14)
Info (10041): Inferred latch for "uni_parked_car[5]" at parking.v(14)
Info (10041): Inferred latch for "uni_parked_car[6]" at parking.v(14)
Info (10041): Inferred latch for "uni_parked_car[7]" at parking.v(14)
Info (10041): Inferred latch for "uni_parked_car[8]" at parking.v(14)
Info (10041): Inferred latch for "uni_parked_car[9]" at parking.v(14)
Info (10041): Inferred latch for "uni_parked_car[10]" at parking.v(14)
Info (10041): Inferred latch for "uni_parked_car[11]" at parking.v(14)
Info (10041): Inferred latch for "uni_parked_car[12]" at parking.v(14)
Info (10041): Inferred latch for "uni_parked_car[13]" at parking.v(14)
Info (10041): Inferred latch for "uni_parked_car[14]" at parking.v(14)
Info (10041): Inferred latch for "uni_parked_car[15]" at parking.v(14)
Info (10041): Inferred latch for "uni_parked_car[16]" at parking.v(14)
Info (10041): Inferred latch for "uni_parked_car[17]" at parking.v(14)
Info (10041): Inferred latch for "uni_parked_car[18]" at parking.v(14)
Info (10041): Inferred latch for "uni_parked_car[19]" at parking.v(14)
Info (10041): Inferred latch for "uni_parked_car[20]" at parking.v(14)
Info (10041): Inferred latch for "uni_parked_car[21]" at parking.v(14)
Info (10041): Inferred latch for "uni_parked_car[22]" at parking.v(14)
Info (10041): Inferred latch for "uni_parked_car[23]" at parking.v(14)
Info (10041): Inferred latch for "uni_parked_car[24]" at parking.v(14)
Info (10041): Inferred latch for "uni_parked_car[25]" at parking.v(14)
Info (10041): Inferred latch for "uni_parked_car[26]" at parking.v(14)
Info (10041): Inferred latch for "uni_parked_car[27]" at parking.v(14)
Info (10041): Inferred latch for "uni_parked_car[28]" at parking.v(14)
Info (10041): Inferred latch for "uni_parked_car[29]" at parking.v(14)
Info (10041): Inferred latch for "uni_parked_car[30]" at parking.v(14)
Info (10041): Inferred latch for "uni_parked_car[31]" at parking.v(14)
Info (278001): Inferred 1 megafunctions from design logic
    Info (278004): Inferred divider/modulo megafunction ("lpm_divide") from the following logic: "Mod0"
Info (12130): Elaborated megafunction instantiation "lpm_divide:Mod0"
Info (12133): Instantiated megafunction "lpm_divide:Mod0" with the following parameter:
    Info (12134): Parameter "LPM_WIDTHN" = "32"
    Info (12134): Parameter "LPM_WIDTHD" = "6"
    Info (12134): Parameter "LPM_NREPRESENTATION" = "UNSIGNED"
    Info (12134): Parameter "LPM_DREPRESENTATION" = "UNSIGNED"
Info (12021): Found 1 design units, including 1 entities, in source file db/lpm_divide_vem.tdf
    Info (12023): Found entity 1: lpm_divide_vem
Info (12021): Found 1 design units, including 1 entities, in source file db/sign_div_unsign_qlh.tdf
    Info (12023): Found entity 1: sign_div_unsign_qlh
Info (12021): Found 1 design units, including 1 entities, in source file db/alt_u_div_2bf.tdf
    Info (12023): Found entity 1: alt_u_div_2bf
Info (12021): Found 1 design units, including 1 entities, in source file db/add_sub_1tc.tdf
    Info (12023): Found entity 1: add_sub_1tc
Info (12021): Found 1 design units, including 1 entities, in source file db/add_sub_2tc.tdf
    Info (12023): Found entity 1: add_sub_2tc
Warning (13012): Latch uni_parked_car[0]$latch has unsafe behavior
    Warning (13013): Ports D and ENA on the latch are fed by the same signal clk
Warning (13012): Latch uni_parked_car[1]$latch has unsafe behavior
    Warning (13013): Ports D and ENA on the latch are fed by the same signal clk
Warning (13012): Latch uni_parked_car[2]$latch has unsafe behavior
    Warning (13013): Ports D and ENA on the latch are fed by the same signal clk
Warning (13012): Latch uni_parked_car[3]$latch has unsafe behavior
    Warning (13013): Ports D and ENA on the latch are fed by the same signal clk
Warning (13012): Latch uni_parked_car[4]$latch has unsafe behavior
    Warning (13013): Ports D and ENA on the latch are fed by the same signal clk
Warning (13012): Latch uni_parked_car[5]$latch has unsafe behavior
    Warning (13013): Ports D and ENA on the latch are fed by the same signal clk
Warning (13012): Latch uni_parked_car[6]$latch has unsafe behavior
    Warning (13013): Ports D and ENA on the latch are fed by the same signal clk
Warning (13012): Latch uni_parked_car[7]$latch has unsafe behavior
    Warning (13013): Ports D and ENA on the latch are fed by the same signal clk
Warning (13012): Latch uni_parked_car[8]$latch has unsafe behavior
    Warning (13013): Ports D and ENA on the latch are fed by the same signal clk
Warning (13012): Latch uni_parked_car[9]$latch has unsafe behavior
    Warning (13013): Ports D and ENA on the latch are fed by the same signal clk
Warning (13012): Latch uni_parked_car[10]$latch has unsafe behavior
    Warning (13013): Ports D and ENA on the latch are fed by the same signal clk
Warning (13012): Latch uni_parked_car[11]$latch has unsafe behavior
    Warning (13013): Ports D and ENA on the latch are fed by the same signal clk
Warning (13012): Latch uni_parked_car[12]$latch has unsafe behavior
    Warning (13013): Ports D and ENA on the latch are fed by the same signal clk
Warning (13012): Latch uni_parked_car[13]$latch has unsafe behavior
    Warning (13013): Ports D and ENA on the latch are fed by the same signal clk
Warning (13012): Latch uni_parked_car[14]$latch has unsafe behavior
    Warning (13013): Ports D and ENA on the latch are fed by the same signal clk
Warning (13012): Latch uni_parked_car[15]$latch has unsafe behavior
    Warning (13013): Ports D and ENA on the latch are fed by the same signal clk
Warning (13012): Latch uni_parked_car[16]$latch has unsafe behavior
    Warning (13013): Ports D and ENA on the latch are fed by the same signal clk
Warning (13012): Latch uni_parked_car[17]$latch has unsafe behavior
    Warning (13013): Ports D and ENA on the latch are fed by the same signal clk
Warning (13012): Latch uni_parked_car[18]$latch has unsafe behavior
    Warning (13013): Ports D and ENA on the latch are fed by the same signal clk
Warning (13012): Latch uni_parked_car[19]$latch has unsafe behavior
    Warning (13013): Ports D and ENA on the latch are fed by the same signal clk
Warning (13012): Latch uni_parked_car[20]$latch has unsafe behavior
    Warning (13013): Ports D and ENA on the latch are fed by the same signal clk
Warning (13012): Latch uni_parked_car[21]$latch has unsafe behavior
    Warning (13013): Ports D and ENA on the latch are fed by the same signal clk
Warning (13012): Latch uni_parked_car[22]$latch has unsafe behavior
    Warning (13013): Ports D and ENA on the latch are fed by the same signal clk
Warning (13012): Latch uni_parked_car[23]$latch has unsafe behavior
    Warning (13013): Ports D and ENA on the latch are fed by the same signal clk
Warning (13012): Latch uni_parked_car[24]$latch has unsafe behavior
    Warning (13013): Ports D and ENA on the latch are fed by the same signal clk
Warning (13012): Latch uni_parked_car[25]$latch has unsafe behavior
    Warning (13013): Ports D and ENA on the latch are fed by the same signal clk
Warning (13012): Latch uni_parked_car[26]$latch has unsafe behavior
    Warning (13013): Ports D and ENA on the latch are fed by the same signal clk
Warning (13012): Latch uni_parked_car[27]$latch has unsafe behavior
    Warning (13013): Ports D and ENA on the latch are fed by the same signal clk
Warning (13012): Latch uni_parked_car[28]$latch has unsafe behavior
    Warning (13013): Ports D and ENA on the latch are fed by the same signal clk
Warning (13012): Latch uni_parked_car[29]$latch has unsafe behavior
    Warning (13013): Ports D and ENA on the latch are fed by the same signal clk
Warning (13012): Latch uni_parked_car[30]$latch has unsafe behavior
    Warning (13013): Ports D and ENA on the latch are fed by the same signal clk
Warning (13012): Latch uni_parked_car[31]$latch has unsafe behavior
    Warning (13013): Ports D and ENA on the latch are fed by the same signal clk
Warning (13012): Latch parked_car[0]$latch has unsafe behavior
    Warning (13013): Ports D and ENA on the latch are fed by the same signal clk
Warning (13012): Latch parked_car[1]$latch has unsafe behavior
    Warning (13013): Ports D and ENA on the latch are fed by the same signal clk
Warning (13012): Latch parked_car[2]$latch has unsafe behavior
    Warning (13013): Ports D and ENA on the latch are fed by the same signal clk
Warning (13012): Latch parked_car[3]$latch has unsafe behavior
    Warning (13013): Ports D and ENA on the latch are fed by the same signal clk
Warning (13012): Latch parked_car[4]$latch has unsafe behavior
    Warning (13013): Ports D and ENA on the latch are fed by the same signal clk
Warning (13012): Latch parked_car[5]$latch has unsafe behavior
    Warning (13013): Ports D and ENA on the latch are fed by the same signal clk
Warning (13012): Latch parked_car[6]$latch has unsafe behavior
    Warning (13013): Ports D and ENA on the latch are fed by the same signal clk
Warning (13012): Latch parked_car[7]$latch has unsafe behavior
    Warning (13013): Ports D and ENA on the latch are fed by the same signal clk
Warning (13012): Latch parked_car[8]$latch has unsafe behavior
    Warning (13013): Ports D and ENA on the latch are fed by the same signal clk
Warning (13012): Latch parked_car[9]$latch has unsafe behavior
    Warning (13013): Ports D and ENA on the latch are fed by the same signal clk
Warning (13012): Latch parked_car[10]$latch has unsafe behavior
    Warning (13013): Ports D and ENA on the latch are fed by the same signal clk
Warning (13012): Latch parked_car[11]$latch has unsafe behavior
    Warning (13013): Ports D and ENA on the latch are fed by the same signal clk
Warning (13012): Latch parked_car[12]$latch has unsafe behavior
    Warning (13013): Ports D and ENA on the latch are fed by the same signal clk
Warning (13012): Latch parked_car[13]$latch has unsafe behavior
    Warning (13013): Ports D and ENA on the latch are fed by the same signal clk
Warning (13012): Latch parked_car[14]$latch has unsafe behavior
    Warning (13013): Ports D and ENA on the latch are fed by the same signal clk
Warning (13012): Latch parked_car[15]$latch has unsafe behavior
    Warning (13013): Ports D and ENA on the latch are fed by the same signal clk
Warning (13012): Latch parked_car[16]$latch has unsafe behavior
    Warning (13013): Ports D and ENA on the latch are fed by the same signal clk
Warning (13012): Latch parked_car[17]$latch has unsafe behavior
    Warning (13013): Ports D and ENA on the latch are fed by the same signal clk
Warning (13012): Latch parked_car[18]$latch has unsafe behavior
    Warning (13013): Ports D and ENA on the latch are fed by the same signal clk
Warning (13012): Latch parked_car[19]$latch has unsafe behavior
    Warning (13013): Ports D and ENA on the latch are fed by the same signal clk
Warning (13012): Latch parked_car[20]$latch has unsafe behavior
    Warning (13013): Ports D and ENA on the latch are fed by the same signal clk
Warning (13012): Latch parked_car[21]$latch has unsafe behavior
    Warning (13013): Ports D and ENA on the latch are fed by the same signal clk
Warning (13012): Latch parked_car[22]$latch has unsafe behavior
    Warning (13013): Ports D and ENA on the latch are fed by the same signal clk
Warning (13012): Latch parked_car[23]$latch has unsafe behavior
    Warning (13013): Ports D and ENA on the latch are fed by the same signal clk
Warning (13012): Latch parked_car[24]$latch has unsafe behavior
    Warning (13013): Ports D and ENA on the latch are fed by the same signal clk
Warning (13012): Latch parked_car[25]$latch has unsafe behavior
    Warning (13013): Ports D and ENA on the latch are fed by the same signal clk
Warning (13012): Latch parked_car[26]$latch has unsafe behavior
    Warning (13013): Ports D and ENA on the latch are fed by the same signal clk
Warning (13012): Latch parked_car[27]$latch has unsafe behavior
    Warning (13013): Ports D and ENA on the latch are fed by the same signal clk
Warning (13012): Latch parked_car[28]$latch has unsafe behavior
    Warning (13013): Ports D and ENA on the latch are fed by the same signal clk
Warning (13012): Latch parked_car[29]$latch has unsafe behavior
    Warning (13013): Ports D and ENA on the latch are fed by the same signal clk
Warning (13012): Latch parked_car[30]$latch has unsafe behavior
    Warning (13013): Ports D and ENA on the latch are fed by the same signal clk
Warning (13012): Latch parked_car[31]$latch has unsafe behavior
    Warning (13013): Ports D and ENA on the latch are fed by the same signal clk
Warning (13012): Latch uni_car_space[1] has unsafe behavior
    Warning (13013): Ports D and ENA on the latch are fed by the same signal timer[11]
Warning (13012): Latch uni_car_space[2] has unsafe behavior
    Warning (13013): Ports D and ENA on the latch are fed by the same signal timer[10]
Warning (13012): Latch uni_car_space[3] has unsafe behavior
    Warning (13013): Ports D and ENA on the latch are fed by the same signal timer[10]
Warning (13012): Latch uni_car_space[4] has unsafe behavior
    Warning (13013): Ports D and ENA on the latch are fed by the same signal timer[31]
Warning (13012): Latch uni_car_space[5] has unsafe behavior
    Warning (13013): Ports D and ENA on the latch are fed by the same signal timer[31]
Warning (13012): Latch uni_car_space[6] has unsafe behavior
    Warning (13013): Ports D and ENA on the latch are fed by the same signal timer[31]
Warning (13012): Latch uni_car_space[7] has unsafe behavior
    Warning (13013): Ports D and ENA on the latch are fed by the same signal timer[31]
Warning (13012): Latch uni_car_space[8] has unsafe behavior
    Warning (13013): Ports D and ENA on the latch are fed by the same signal timer[31]
Warning (13012): Latch uni_car_space[9] has unsafe behavior
    Warning (13013): Ports D and ENA on the latch are fed by the same signal timer[11]
Warning (13012): Latch uni_car_space[10] has unsafe behavior
    Warning (13013): Ports D and ENA on the latch are fed by the same signal timer[11]
Warning (13012): Latch uni_car_space[11] has unsafe behavior
    Warning (13013): Ports D and ENA on the latch are fed by the same signal timer[11]
Warning (13012): Latch uni_car_space[12] has unsafe behavior
    Warning (13013): Ports D and ENA on the latch are fed by the same signal timer[11]
Warning (13012): Latch uni_car_space[13] has unsafe behavior
    Warning (13013): Ports D and ENA on the latch are fed by the same signal timer[11]
Warning (13012): Latch uni_car_space[14] has unsafe behavior
    Warning (13013): Ports D and ENA on the latch are fed by the same signal timer[11]
Warning (13012): Latch uni_car_space[15] has unsafe behavior
    Warning (13013): Ports D and ENA on the latch are fed by the same signal timer[11]
Warning (13012): Latch uni_car_space[16] has unsafe behavior
    Warning (13013): Ports D and ENA on the latch are fed by the same signal timer[11]
Warning (13012): Latch uni_car_space[17] has unsafe behavior
    Warning (13013): Ports D and ENA on the latch are fed by the same signal timer[11]
Warning (13012): Latch uni_car_space[18] has unsafe behavior
    Warning (13013): Ports D and ENA on the latch are fed by the same signal timer[11]
Warning (13012): Latch uni_car_space[19] has unsafe behavior
    Warning (13013): Ports D and ENA on the latch are fed by the same signal timer[11]
Warning (13012): Latch uni_car_space[20] has unsafe behavior
    Warning (13013): Ports D and ENA on the latch are fed by the same signal timer[11]
Warning (13012): Latch uni_car_space[21] has unsafe behavior
    Warning (13013): Ports D and ENA on the latch are fed by the same signal timer[11]
Warning (13012): Latch uni_car_space[22] has unsafe behavior
    Warning (13013): Ports D and ENA on the latch are fed by the same signal timer[11]
Warning (13012): Latch uni_car_space[23] has unsafe behavior
    Warning (13013): Ports D and ENA on the latch are fed by the same signal timer[11]
Warning (13012): Latch uni_car_space[24] has unsafe behavior
    Warning (13013): Ports D and ENA on the latch are fed by the same signal timer[11]
Warning (13012): Latch uni_car_space[25] has unsafe behavior
    Warning (13013): Ports D and ENA on the latch are fed by the same signal timer[11]
Warning (13012): Latch uni_car_space[26] has unsafe behavior
    Warning (13013): Ports D and ENA on the latch are fed by the same signal timer[11]
Warning (13012): Latch uni_car_space[27] has unsafe behavior
    Warning (13013): Ports D and ENA on the latch are fed by the same signal timer[11]
Warning (13012): Latch uni_car_space[28] has unsafe behavior
    Warning (13013): Ports D and ENA on the latch are fed by the same signal timer[11]
Warning (13012): Latch uni_car_space[29] has unsafe behavior
    Warning (13013): Ports D and ENA on the latch are fed by the same signal timer[11]
Warning (13012): Latch uni_car_space[30] has unsafe behavior
    Warning (13013): Ports D and ENA on the latch are fed by the same signal timer[11]
Warning (13012): Latch uni_car_space[31] has unsafe behavior
    Warning (13013): Ports D and ENA on the latch are fed by the same signal timer[11]
Warning (13012): Latch free_car_space[1] has unsafe behavior
    Warning (13013): Ports D and ENA on the latch are fed by the same signal timer[11]
Warning (13012): Latch free_car_space[2] has unsafe behavior
    Warning (13013): Ports D and ENA on the latch are fed by the same signal timer[31]
Warning (13012): Latch free_car_space[3] has unsafe behavior
    Warning (13013): Ports D and ENA on the latch are fed by the same signal timer[31]
Warning (13012): Latch free_car_space[4] has unsafe behavior
    Warning (13013): Ports D and ENA on the latch are fed by the same signal timer[31]
Warning (13012): Latch free_car_space[5] has unsafe behavior
    Warning (13013): Ports D and ENA on the latch are fed by the same signal timer[31]
Warning (13012): Latch free_car_space[6] has unsafe behavior
    Warning (13013): Ports D and ENA on the latch are fed by the same signal timer[31]
Warning (13012): Latch free_car_space[7] has unsafe behavior
    Warning (13013): Ports D and ENA on the latch are fed by the same signal timer[31]
Warning (13012): Latch free_car_space[8] has unsafe behavior
    Warning (13013): Ports D and ENA on the latch are fed by the same signal timer[31]
Warning (13012): Latch free_car_space[9] has unsafe behavior
    Warning (13013): Ports D and ENA on the latch are fed by the same signal timer[11]
Warning (13012): Latch free_car_space[10] has unsafe behavior
    Warning (13013): Ports D and ENA on the latch are fed by the same signal timer[11]
Warning (13012): Latch free_car_space[11] has unsafe behavior
    Warning (13013): Ports D and ENA on the latch are fed by the same signal timer[11]
Warning (13012): Latch free_car_space[12] has unsafe behavior
    Warning (13013): Ports D and ENA on the latch are fed by the same signal timer[11]
Warning (13012): Latch free_car_space[13] has unsafe behavior
    Warning (13013): Ports D and ENA on the latch are fed by the same signal timer[11]
Warning (13012): Latch free_car_space[14] has unsafe behavior
    Warning (13013): Ports D and ENA on the latch are fed by the same signal timer[11]
Warning (13012): Latch free_car_space[15] has unsafe behavior
    Warning (13013): Ports D and ENA on the latch are fed by the same signal timer[11]
Warning (13012): Latch free_car_space[16] has unsafe behavior
    Warning (13013): Ports D and ENA on the latch are fed by the same signal timer[11]
Warning (13012): Latch free_car_space[17] has unsafe behavior
    Warning (13013): Ports D and ENA on the latch are fed by the same signal timer[11]
Warning (13012): Latch free_car_space[18] has unsafe behavior
    Warning (13013): Ports D and ENA on the latch are fed by the same signal timer[11]
Warning (13012): Latch free_car_space[19] has unsafe behavior
    Warning (13013): Ports D and ENA on the latch are fed by the same signal timer[11]
Warning (13012): Latch free_car_space[20] has unsafe behavior
    Warning (13013): Ports D and ENA on the latch are fed by the same signal timer[11]
Warning (13012): Latch free_car_space[21] has unsafe behavior
    Warning (13013): Ports D and ENA on the latch are fed by the same signal timer[11]
Warning (13012): Latch free_car_space[22] has unsafe behavior
    Warning (13013): Ports D and ENA on the latch are fed by the same signal timer[11]
Warning (13012): Latch free_car_space[23] has unsafe behavior
    Warning (13013): Ports D and ENA on the latch are fed by the same signal timer[11]
Warning (13012): Latch free_car_space[24] has unsafe behavior
    Warning (13013): Ports D and ENA on the latch are fed by the same signal timer[11]
Warning (13012): Latch free_car_space[25] has unsafe behavior
    Warning (13013): Ports D and ENA on the latch are fed by the same signal timer[11]
Warning (13012): Latch free_car_space[26] has unsafe behavior
    Warning (13013): Ports D and ENA on the latch are fed by the same signal timer[11]
Warning (13012): Latch free_car_space[27] has unsafe behavior
    Warning (13013): Ports D and ENA on the latch are fed by the same signal timer[11]
Warning (13012): Latch free_car_space[28] has unsafe behavior
    Warning (13013): Ports D and ENA on the latch are fed by the same signal timer[11]
Warning (13012): Latch free_car_space[29] has unsafe behavior
    Warning (13013): Ports D and ENA on the latch are fed by the same signal timer[11]
Warning (13012): Latch free_car_space[30] has unsafe behavior
    Warning (13013): Ports D and ENA on the latch are fed by the same signal timer[11]
Warning (13012): Latch free_car_space[31] has unsafe behavior
    Warning (13013): Ports D and ENA on the latch are fed by the same signal timer[11]
Info (286030): Timing-Driven Synthesis is running
Info (16010): Generating hard_block partition "hard_block:auto_generated_inst"
    Info (16011): Adding 0 node(s), including 0 DDIO, 0 PLL, 0 transceiver and 0 LCELL
Info (21057): Implemented 1466 device resources after synthesis - the final resource count might be different
    Info (21058): Implemented 37 input pins
    Info (21059): Implemented 130 output pins
    Info (21061): Implemented 1299 logic cells
Info: Quartus II 64-Bit Analysis & Synthesis was successful. 0 errors, 256 warnings
    Info: Peak virtual memory: 4756 megabytes
    Info: Processing ended: Fri Jun 28 19:44:51 2024
    Info: Elapsed time: 00:00:12
    Info: Total CPU time (on all processors): 00:00:05


